mode: set
github.com/wwqdrh/logger/logx/gozero.go:16.61,20.2 1 1
github.com/wwqdrh/logger/logx/gozero.go:22.43,24.2 1 0
github.com/wwqdrh/logger/logx/gozero.go:26.36,28.2 1 0
github.com/wwqdrh/logger/logx/gozero.go:30.68,32.2 1 0
github.com/wwqdrh/logger/logx/gozero.go:34.67,36.2 1 1
github.com/wwqdrh/logger/logx/gozero.go:38.44,40.2 1 0
github.com/wwqdrh/logger/logx/gozero.go:42.67,44.2 1 0
github.com/wwqdrh/logger/logx/gozero.go:46.43,48.2 1 0
github.com/wwqdrh/logger/logx/gozero.go:50.67,52.2 1 0
github.com/wwqdrh/logger/logx/gozero.go:54.55,56.27 2 1
github.com/wwqdrh/logger/logx/gozero.go:59.2,59.18 1 1
github.com/wwqdrh/logger/logx/gozero.go:56.27,58.3 1 0
github.com/wwqdrh/logger/encoder.go:42.78,44.29 2 1
github.com/wwqdrh/logger/encoder.go:58.2,60.16 3 1
github.com/wwqdrh/logger/encoder.go:63.2,63.12 1 1
github.com/wwqdrh/logger/encoder.go:44.29,48.3 3 0
github.com/wwqdrh/logger/encoder.go:48.8,48.35 1 1
github.com/wwqdrh/logger/encoder.go:48.35,52.3 3 1
github.com/wwqdrh/logger/encoder.go:52.8,56.3 3 1
github.com/wwqdrh/logger/encoder.go:60.16,62.3 1 0
github.com/wwqdrh/logger/encoder.go:66.72,71.2 1 1
github.com/wwqdrh/logger/encoder.go:73.110,75.16 2 1
github.com/wwqdrh/logger/encoder.go:79.2,79.47 1 1
github.com/wwqdrh/logger/encoder.go:75.16,77.3 1 0
github.com/wwqdrh/logger/encoder.go:82.75,87.2 1 1
github.com/wwqdrh/logger/encoder.go:89.113,91.16 2 0
github.com/wwqdrh/logger/encoder.go:95.2,95.47 1 0
github.com/wwqdrh/logger/encoder.go:91.16,93.3 1 0
github.com/wwqdrh/logger/encoder.go:98.102,103.16 2 0
github.com/wwqdrh/logger/encoder.go:103.16,109.3 1 0
github.com/wwqdrh/logger/encoder.go:109.8,115.3 1 0
github.com/wwqdrh/logger/encoder.go:118.117,120.16 2 0
github.com/wwqdrh/logger/encoder.go:125.2,125.23 1 0
github.com/wwqdrh/logger/encoder.go:149.2,149.17 1 0
github.com/wwqdrh/logger/encoder.go:120.16,122.3 1 0
github.com/wwqdrh/logger/encoder.go:125.23,127.63 2 0
github.com/wwqdrh/logger/encoder.go:130.3,132.15 3 0
github.com/wwqdrh/logger/encoder.go:127.63,129.4 1 0
github.com/wwqdrh/logger/encoder.go:132.15,133.95 1 0
github.com/wwqdrh/logger/encoder.go:133.95,135.5 1 0
github.com/wwqdrh/logger/encoder.go:137.8,140.65 3 0
github.com/wwqdrh/logger/encoder.go:143.3,143.49 1 0
github.com/wwqdrh/logger/encoder.go:146.3,146.42 1 0
github.com/wwqdrh/logger/encoder.go:140.65,142.4 1 0
github.com/wwqdrh/logger/encoder.go:143.49,145.4 1 0
github.com/wwqdrh/logger/logger.go:27.13,35.2 1 1
github.com/wwqdrh/logger/logger.go:39.47,41.31 2 1
github.com/wwqdrh/logger/logger.go:45.2,45.46 1 1
github.com/wwqdrh/logger/logger.go:52.2,60.30 5 1
github.com/wwqdrh/logger/logger.go:69.2,72.16 3 1
github.com/wwqdrh/logger/logger.go:84.2,84.17 1 1
github.com/wwqdrh/logger/logger.go:92.2,92.23 1 1
github.com/wwqdrh/logger/logger.go:103.2,103.23 1 1
github.com/wwqdrh/logger/logger.go:109.2,110.16 2 1
github.com/wwqdrh/logger/logger.go:113.2,114.20 2 1
github.com/wwqdrh/logger/logger.go:117.2,117.10 1 1
github.com/wwqdrh/logger/logger.go:41.31,43.3 1 1
github.com/wwqdrh/logger/logger.go:45.46,46.37 1 1
github.com/wwqdrh/logger/logger.go:46.37,48.4 1 1
github.com/wwqdrh/logger/logger.go:60.30,63.3 2 1
github.com/wwqdrh/logger/logger.go:63.8,66.3 2 1
github.com/wwqdrh/logger/logger.go:72.16,79.3 3 1
github.com/wwqdrh/logger/logger.go:79.8,81.3 1 0
github.com/wwqdrh/logger/logger.go:84.17,85.16 1 1
github.com/wwqdrh/logger/logger.go:85.16,87.4 1 1
github.com/wwqdrh/logger/logger.go:87.9,89.4 1 0
github.com/wwqdrh/logger/logger.go:92.23,101.3 2 1
github.com/wwqdrh/logger/logger.go:103.23,107.3 1 0
github.com/wwqdrh/logger/logger.go:110.16,112.3 1 1
github.com/wwqdrh/logger/logger.go:114.20,116.3 1 1
github.com/wwqdrh/logger/logger.go:121.43,123.2 1 0
github.com/wwqdrh/logger/logger.go:126.35,128.9 2 1
github.com/wwqdrh/logger/logger.go:132.2,132.37 1 1
github.com/wwqdrh/logger/logger.go:128.9,130.3 1 0
github.com/wwqdrh/logger/logger.go:132.37,134.3 1 0
github.com/wwqdrh/logger/logger.go:134.8,136.3 1 1
github.com/wwqdrh/logger/logger.go:140.47,142.9 2 1
github.com/wwqdrh/logger/logger.go:145.2,148.27 2 1
github.com/wwqdrh/logger/logger.go:153.2,153.24 1 1
github.com/wwqdrh/logger/logger.go:142.9,144.3 1 0
github.com/wwqdrh/logger/logger.go:148.27,151.3 2 1
github.com/wwqdrh/logger/options.go:37.39,54.2 1 1
github.com/wwqdrh/logger/options.go:56.35,57.33 1 1
github.com/wwqdrh/logger/options.go:57.33,59.3 1 1
github.com/wwqdrh/logger/options.go:62.44,63.33 1 1
github.com/wwqdrh/logger/options.go:63.33,65.3 1 1
github.com/wwqdrh/logger/options.go:68.39,69.33 1 0
github.com/wwqdrh/logger/options.go:69.33,71.3 1 0
github.com/wwqdrh/logger/options.go:74.54,75.33 1 1
github.com/wwqdrh/logger/options.go:75.33,77.3 1 1
github.com/wwqdrh/logger/options.go:80.41,81.33 1 1
github.com/wwqdrh/logger/options.go:81.33,83.3 1 1
github.com/wwqdrh/logger/options.go:86.35,87.33 1 0
github.com/wwqdrh/logger/options.go:87.33,89.3 1 0
github.com/wwqdrh/logger/options.go:92.45,93.33 1 1
github.com/wwqdrh/logger/options.go:93.33,95.3 1 1
github.com/wwqdrh/logger/options.go:98.47,99.33 1 1
github.com/wwqdrh/logger/options.go:99.33,101.3 1 1
github.com/wwqdrh/logger/options.go:104.40,105.33 1 1
github.com/wwqdrh/logger/options.go:105.33,107.3 1 1
github.com/wwqdrh/logger/options.go:110.61,111.33 1 1
github.com/wwqdrh/logger/options.go:111.33,115.3 3 1
github.com/wwqdrh/logger/options.go:118.38,119.33 1 1
github.com/wwqdrh/logger/options.go:119.33,121.3 1 1
github.com/wwqdrh/logger/options.go:124.37,125.33 1 1
github.com/wwqdrh/logger/options.go:125.33,127.3 1 1
github.com/wwqdrh/logger/core.go:27.68,29.3 1 0
github.com/wwqdrh/logger/core.go:30.67,32.3 1 0
github.com/wwqdrh/logger/core.go:33.67,35.3 1 0
github.com/wwqdrh/logger/core.go:36.68,38.3 1 0
github.com/wwqdrh/logger/core.go:39.69,41.3 1 0
github.com/wwqdrh/logger/core.go:42.68,44.3 1 0
github.com/wwqdrh/logger/core.go:45.68,47.3 1 0
github.com/wwqdrh/logger/core.go:61.60,62.15 1 0
github.com/wwqdrh/logger/core.go:63.22,64.23 1 0
github.com/wwqdrh/logger/core.go:65.21,66.22 1 0
github.com/wwqdrh/logger/core.go:67.21,68.22 1 0
github.com/wwqdrh/logger/core.go:69.22,70.23 1 0
github.com/wwqdrh/logger/core.go:71.23,72.24 1 0
github.com/wwqdrh/logger/core.go:73.22,74.23 1 0
github.com/wwqdrh/logger/core.go:75.22,76.23 1 0
github.com/wwqdrh/logger/core.go:77.10,78.22 1 0
github.com/wwqdrh/logger/core.go:82.61,83.15 1 1
github.com/wwqdrh/logger/core.go:84.22,85.26 1 1
github.com/wwqdrh/logger/core.go:86.21,87.25 1 1
github.com/wwqdrh/logger/core.go:88.21,89.25 1 0
github.com/wwqdrh/logger/core.go:90.22,91.26 1 0
github.com/wwqdrh/logger/core.go:92.23,93.27 1 0
github.com/wwqdrh/logger/core.go:94.22,95.26 1 0
github.com/wwqdrh/logger/core.go:96.22,97.26 1 0
github.com/wwqdrh/logger/core.go:98.10,99.25 1 0
